<?xml version="1.0" encoding="UTF-8"?>
<TestRun id="cb19fc4a-e1c1-4a77-9036-37df343991f8" name="SLAVI@SLAVI-PC 2014-03-04 17:41:13" runUser="SLAVI-PC\SLAVI" xmlns="http://microsoft.com/schemas/VisualStudio/TeamTest/2010">
  <TestSettings name="Local" id="d28892ec-565e-4334-ab65-45c144d4e422">
    <Description>These are default test settings for a local test run.</Description>
    <Deployment enabled="false" runDeploymentRoot="SLAVI_SLAVI-PC 2014-03-04 17_41_13">
      <DeploymentItem filename="D:\CSharp-course\repo\1300ruc\Lecture13\demos\BinaryTree\BinaryTree\bin\Debug\BinaryTree.exe" />
    </Deployment>
    <Execution>
      <TestTypeSpecific />
      <AgentRule name="Execution Agents">
      </AgentRule>
    </Execution>
  </TestSettings>
  <Times creation="2014-03-04T17:41:13.7057308+02:00" queuing="2014-03-04T17:41:40.7602782+02:00" start="2014-03-04T17:41:13.7057308+02:00" finish="2014-03-04T17:41:41.8613412+02:00" />
  <ResultSummary outcome="Error">
    <Counters total="1" error="0" failed="0" timeout="0" aborted="0" inconclusive="0" passedButRunAborted="0" notRunnable="0" notExecuted="1" disconnected="0" warning="0" passed="0" completed="0" inProgress="0" pending="0" />
    <RunInfos>
      <RunInfo computerName="SLAVI-PC" outcome="Error" timestamp="2014-03-04T17:41:41.8453402+02:00">
        <Text>Test host process exited unexpectedly.</Text>
      </RunInfo>
    </RunInfos>
  </ResultSummary>
  <TestDefinitions>
    <UnitTest name="AddNonExistingValue" storage="d:\csharp-course\repo\1300ruc\lecture13\demos\binarytree\binarytreetests\bin\debug\binarytreetests.dll" id="6a81d845-d776-a996-12c3-39acecaaf4cf">
      <Execution id="af55bb64-f113-4f45-8fbd-98837db3d875" />
      <TestMethod codeBase="D:/CSharp-course/repo/1300ruc/Lecture13/demos/BinaryTree/BinaryTreeTests/bin/Debug/BinaryTreeTests.DLL" adapterTypeName="Microsoft.VisualStudio.TestTools.TestTypes.Unit.UnitTestAdapter, Microsoft.VisualStudio.QualityTools.Tips.UnitTest.Adapter, Version=10.0.0.0, Culture=neutral, PublicKeyToken=b03f5f7f11d50a3a" className="BinarySearchTreeTest.BinarySearchTreeTest, BinaryTreeTests, Version=1.0.0.0, Culture=neutral, PublicKeyToken=null" name="AddNonExistingValue" />
    </UnitTest>
  </TestDefinitions>
  <TestLists>
    <TestList name="Results Not in a List" id="8c84fa94-04c1-424b-9868-57a2d4851a1d" />
    <TestList name="All Loaded Results" id="19431567-8539-422a-85d7-44ee4e166bda" />
  </TestLists>
  <TestEntries>
    <TestEntry testId="6a81d845-d776-a996-12c3-39acecaaf4cf" executionId="af55bb64-f113-4f45-8fbd-98837db3d875" testListId="8c84fa94-04c1-424b-9868-57a2d4851a1d" />
  </TestEntries>
  <Results>
    <UnitTestResult executionId="af55bb64-f113-4f45-8fbd-98837db3d875" testId="6a81d845-d776-a996-12c3-39acecaaf4cf" testName="AddNonExistingValue" computerName="SLAVI-PC" testType="13cdc9d9-ddb5-4fa4-a97d-d965ccfc6d4b" outcome="NotExecuted" testListId="8c84fa94-04c1-424b-9868-57a2d4851a1d" relativeResultsDirectory="af55bb64-f113-4f45-8fbd-98837db3d875">
    </UnitTestResult>
  </Results>
</TestRun>