<?xml version="1.0" encoding="UTF-8"?>
<TestRun id="149a5ad0-16b8-4494-9be0-341978054aef" name="SLAVI@SLAVI-PC 2014-03-04 17:31:39" runUser="SLAVI-PC\SLAVI" xmlns="http://microsoft.com/schemas/VisualStudio/TeamTest/2010">
  <TestSettings name="Local" id="d28892ec-565e-4334-ab65-45c144d4e422">
    <Description>These are default test settings for a local test run.</Description>
    <Deployment enabled="false" runDeploymentRoot="SLAVI_SLAVI-PC 2014-03-04 17_31_39">
      <DeploymentItem filename="D:\CSharp-course\repo\1300ruc\Lecture13\demos\BinaryTree\BinaryTree\bin\Debug\BinaryTree.exe" />
    </Deployment>
    <Execution>
      <TestTypeSpecific />
      <AgentRule name="Execution Agents">
      </AgentRule>
    </Execution>
  </TestSettings>
  <Times creation="2014-03-04T17:31:39.6698978+02:00" queuing="2014-03-04T17:31:39.7399018+02:00" start="2014-03-04T17:31:39.8149061+02:00" finish="2014-03-04T17:31:41.7290156+02:00" />
  <ResultSummary outcome="Completed">
    <Counters total="1" executed="1" passed="1" error="0" failed="0" timeout="0" aborted="0" inconclusive="0" passedButRunAborted="0" notRunnable="0" notExecuted="0" disconnected="0" warning="0" completed="0" inProgress="0" pending="0" />
  </ResultSummary>
  <TestDefinitions>
    <UnitTest name="TraversePostorderTest" storage="d:\csharp-course\repo\1300ruc\lecture13\demos\binarytree\binarytreetests\bin\debug\binarytreetests.dll" id="9db95584-4a59-062b-9d1d-372e860bed82">
      <Execution id="3ff577f9-b486-4ca2-ac0f-5d76ddde4237" />
      <TestMethod codeBase="D:/CSharp-course/repo/1300ruc/Lecture13/demos/BinaryTree/BinaryTreeTests/bin/Debug/BinaryTreeTests.DLL" adapterTypeName="Microsoft.VisualStudio.TestTools.TestTypes.Unit.UnitTestAdapter, Microsoft.VisualStudio.QualityTools.Tips.UnitTest.Adapter, Version=10.0.0.0, Culture=neutral, PublicKeyToken=b03f5f7f11d50a3a" className="BinarySearchTreeTest.BinarySearchTreeTest, BinaryTreeTests, Version=1.0.0.0, Culture=neutral, PublicKeyToken=null" name="TraversePostorderTest" />
    </UnitTest>
  </TestDefinitions>
  <TestLists>
    <TestList name="Results Not in a List" id="8c84fa94-04c1-424b-9868-57a2d4851a1d" />
    <TestList name="All Loaded Results" id="19431567-8539-422a-85d7-44ee4e166bda" />
  </TestLists>
  <TestEntries>
    <TestEntry testId="9db95584-4a59-062b-9d1d-372e860bed82" executionId="3ff577f9-b486-4ca2-ac0f-5d76ddde4237" testListId="8c84fa94-04c1-424b-9868-57a2d4851a1d" />
  </TestEntries>
  <Results>
    <UnitTestResult executionId="3ff577f9-b486-4ca2-ac0f-5d76ddde4237" testId="9db95584-4a59-062b-9d1d-372e860bed82" testName="TraversePostorderTest" computerName="SLAVI-PC" duration="00:00:00.1651150" startTime="2014-03-04T17:31:40.1539255+02:00" endTime="2014-03-04T17:31:41.5070029+02:00" testType="13cdc9d9-ddb5-4fa4-a97d-d965ccfc6d4b" outcome="Passed" testListId="8c84fa94-04c1-424b-9868-57a2d4851a1d" relativeResultsDirectory="3ff577f9-b486-4ca2-ac0f-5d76ddde4237">
    </UnitTestResult>
  </Results>
</TestRun>