<?xml version="1.0" encoding="UTF-8"?>
<TestRun id="f4ea0c0f-3014-49af-83fc-933bc0e08cef" name="SLAVI@SLAVI-PC 2014-03-04 17:48:03" runUser="SLAVI-PC\SLAVI" xmlns="http://microsoft.com/schemas/VisualStudio/TeamTest/2010">
  <TestSettings name="Local" id="d28892ec-565e-4334-ab65-45c144d4e422">
    <Description>These are default test settings for a local test run.</Description>
    <Deployment enabled="false" runDeploymentRoot="SLAVI_SLAVI-PC 2014-03-04 17_48_03">
      <DeploymentItem filename="D:\CSharp-course\repo\1300ruc\Lecture13\demos\BinaryTree\BinaryTree\bin\Debug\BinaryTree.exe" />
    </Deployment>
    <Execution>
      <TestTypeSpecific />
      <AgentRule name="Execution Agents">
      </AgentRule>
    </Execution>
  </TestSettings>
  <Times creation="2014-03-04T17:48:03.5531727+02:00" queuing="2014-03-04T17:48:03.6181764+02:00" start="2014-03-04T17:48:03.8031870+02:00" finish="2014-03-04T17:48:06.6893521+02:00" />
  <ResultSummary outcome="Completed">
    <Counters total="4" executed="4" passed="4" error="0" failed="0" timeout="0" aborted="0" inconclusive="0" passedButRunAborted="0" notRunnable="0" notExecuted="0" disconnected="0" warning="0" completed="0" inProgress="0" pending="0" />
  </ResultSummary>
  <TestDefinitions>
    <UnitTest name="AddNonExistingValue" storage="d:\csharp-course\repo\1300ruc\lecture13\demos\binarytree\binarytreetests\bin\debug\binarytreetests.dll" id="6a81d845-d776-a996-12c3-39acecaaf4cf">
      <Execution id="3a94f4cb-9231-4a24-be8a-2a67437294eb" />
      <TestMethod codeBase="D:/CSharp-course/repo/1300ruc/Lecture13/demos/BinaryTree/BinaryTreeTests/bin/Debug/BinaryTreeTests.DLL" adapterTypeName="Microsoft.VisualStudio.TestTools.TestTypes.Unit.UnitTestAdapter, Microsoft.VisualStudio.QualityTools.Tips.UnitTest.Adapter, Version=10.0.0.0, Culture=neutral, PublicKeyToken=b03f5f7f11d50a3a" className="BinarySearchTreeTest.BinarySearchTreeTest, BinaryTreeTests, Version=1.0.0.0, Culture=neutral, PublicKeyToken=null" name="AddNonExistingValue" />
    </UnitTest>
    <UnitTest name="AddExistingValue" storage="d:\csharp-course\repo\1300ruc\lecture13\demos\binarytree\binarytreetests\bin\debug\binarytreetests.dll" id="8ad3c89a-088d-dffd-8e8d-5af55eb1bd29">
      <Execution id="424e2f12-4eb3-4983-82df-5dc123838c7f" />
      <TestMethod codeBase="D:/CSharp-course/repo/1300ruc/Lecture13/demos/BinaryTree/BinaryTreeTests/bin/Debug/BinaryTreeTests.DLL" adapterTypeName="Microsoft.VisualStudio.TestTools.TestTypes.Unit.UnitTestAdapter, Microsoft.VisualStudio.QualityTools.Tips.UnitTest.Adapter, Version=10.0.0.0, Culture=neutral, PublicKeyToken=b03f5f7f11d50a3a" className="BinarySearchTreeTest.BinarySearchTreeTest, BinaryTreeTests, Version=1.0.0.0, Culture=neutral, PublicKeyToken=null" name="AddExistingValue" />
    </UnitTest>
    <UnitTest name="TraversePostorderTest" storage="d:\csharp-course\repo\1300ruc\lecture13\demos\binarytree\binarytreetests\bin\debug\binarytreetests.dll" id="9db95584-4a59-062b-9d1d-372e860bed82">
      <Execution id="bc1738ac-7610-453f-b850-2a73bf9f97f9" />
      <TestMethod codeBase="D:/CSharp-course/repo/1300ruc/Lecture13/demos/BinaryTree/BinaryTreeTests/bin/Debug/BinaryTreeTests.DLL" adapterTypeName="Microsoft.VisualStudio.TestTools.TestTypes.Unit.UnitTestAdapter, Microsoft.VisualStudio.QualityTools.Tips.UnitTest.Adapter, Version=10.0.0.0, Culture=neutral, PublicKeyToken=b03f5f7f11d50a3a" className="BinarySearchTreeTest.BinarySearchTreeTest, BinaryTreeTests, Version=1.0.0.0, Culture=neutral, PublicKeyToken=null" name="TraversePostorderTest" />
    </UnitTest>
    <UnitTest name="TraverseInorderTest" storage="d:\csharp-course\repo\1300ruc\lecture13\demos\binarytree\binarytreetests\bin\debug\binarytreetests.dll" id="fa1f1bd7-7ca4-3c54-6d93-e128607ee590">
      <Execution id="00c18962-c042-48fd-bb03-6a70ace77c6f" />
      <TestMethod codeBase="D:/CSharp-course/repo/1300ruc/Lecture13/demos/BinaryTree/BinaryTreeTests/bin/Debug/BinaryTreeTests.DLL" adapterTypeName="Microsoft.VisualStudio.TestTools.TestTypes.Unit.UnitTestAdapter, Microsoft.VisualStudio.QualityTools.Tips.UnitTest.Adapter, Version=10.0.0.0, Culture=neutral, PublicKeyToken=b03f5f7f11d50a3a" className="BinarySearchTreeTest.BinarySearchTreeTest, BinaryTreeTests, Version=1.0.0.0, Culture=neutral, PublicKeyToken=null" name="TraverseInorderTest" />
    </UnitTest>
  </TestDefinitions>
  <TestLists>
    <TestList name="Results Not in a List" id="8c84fa94-04c1-424b-9868-57a2d4851a1d" />
    <TestList name="All Loaded Results" id="19431567-8539-422a-85d7-44ee4e166bda" />
  </TestLists>
  <TestEntries>
    <TestEntry testId="6a81d845-d776-a996-12c3-39acecaaf4cf" executionId="3a94f4cb-9231-4a24-be8a-2a67437294eb" testListId="8c84fa94-04c1-424b-9868-57a2d4851a1d" />
    <TestEntry testId="8ad3c89a-088d-dffd-8e8d-5af55eb1bd29" executionId="424e2f12-4eb3-4983-82df-5dc123838c7f" testListId="8c84fa94-04c1-424b-9868-57a2d4851a1d" />
    <TestEntry testId="9db95584-4a59-062b-9d1d-372e860bed82" executionId="bc1738ac-7610-453f-b850-2a73bf9f97f9" testListId="8c84fa94-04c1-424b-9868-57a2d4851a1d" />
    <TestEntry testId="fa1f1bd7-7ca4-3c54-6d93-e128607ee590" executionId="00c18962-c042-48fd-bb03-6a70ace77c6f" testListId="8c84fa94-04c1-424b-9868-57a2d4851a1d" />
  </TestEntries>
  <Results>
    <UnitTestResult executionId="3a94f4cb-9231-4a24-be8a-2a67437294eb" testId="6a81d845-d776-a996-12c3-39acecaaf4cf" testName="AddNonExistingValue" computerName="SLAVI-PC" duration="00:00:00.0306273" startTime="2014-03-04T17:48:04.3302171+02:00" endTime="2014-03-04T17:48:05.3832774+02:00" testType="13cdc9d9-ddb5-4fa4-a97d-d965ccfc6d4b" outcome="Passed" testListId="8c84fa94-04c1-424b-9868-57a2d4851a1d" relativeResultsDirectory="3a94f4cb-9231-4a24-be8a-2a67437294eb">
    </UnitTestResult>
    <UnitTestResult executionId="424e2f12-4eb3-4983-82df-5dc123838c7f" testId="8ad3c89a-088d-dffd-8e8d-5af55eb1bd29" testName="AddExistingValue" computerName="SLAVI-PC" duration="00:00:00.1096778" startTime="2014-03-04T17:48:05.4062787+02:00" endTime="2014-03-04T17:48:05.5882891+02:00" testType="13cdc9d9-ddb5-4fa4-a97d-d965ccfc6d4b" outcome="Passed" testListId="8c84fa94-04c1-424b-9868-57a2d4851a1d" relativeResultsDirectory="424e2f12-4eb3-4983-82df-5dc123838c7f">
    </UnitTestResult>
    <UnitTestResult executionId="bc1738ac-7610-453f-b850-2a73bf9f97f9" testId="9db95584-4a59-062b-9d1d-372e860bed82" testName="TraversePostorderTest" computerName="SLAVI-PC" duration="00:00:00.2283763" startTime="2014-03-04T17:48:05.6262913+02:00" endTime="2014-03-04T17:48:05.8903064+02:00" testType="13cdc9d9-ddb5-4fa4-a97d-d965ccfc6d4b" outcome="Passed" testListId="8c84fa94-04c1-424b-9868-57a2d4851a1d" relativeResultsDirectory="bc1738ac-7610-453f-b850-2a73bf9f97f9">
    </UnitTestResult>
    <UnitTestResult executionId="00c18962-c042-48fd-bb03-6a70ace77c6f" testId="fa1f1bd7-7ca4-3c54-6d93-e128607ee590" testName="TraverseInorderTest" computerName="SLAVI-PC" duration="00:00:00.0255391" startTime="2014-03-04T17:48:06.1963239+02:00" endTime="2014-03-04T17:48:06.3623334+02:00" testType="13cdc9d9-ddb5-4fa4-a97d-d965ccfc6d4b" outcome="Passed" testListId="8c84fa94-04c1-424b-9868-57a2d4851a1d" relativeResultsDirectory="00c18962-c042-48fd-bb03-6a70ace77c6f">
    </UnitTestResult>
  </Results>
</TestRun>