<?xml version="1.0" encoding="UTF-8"?>
<TestRun id="199f10f7-8f44-460d-becb-002c3f870aa9" name="SLAVI@SLAVI-PC 2014-03-04 16:05:32" runUser="SLAVI-PC\SLAVI" xmlns="http://microsoft.com/schemas/VisualStudio/TeamTest/2010">
  <TestSettings name="Local" id="d28892ec-565e-4334-ab65-45c144d4e422">
    <Description>These are default test settings for a local test run.</Description>
    <Deployment enabled="false" runDeploymentRoot="SLAVI_SLAVI-PC 2014-03-04 16_05_32">
      <DeploymentItem filename="D:\CSharp-course\repo\1300ruc\Lecture13\demos\BinaryTree\BinaryTree\bin\Debug\BinaryTree.exe" />
    </Deployment>
    <Execution>
      <TestTypeSpecific />
      <AgentRule name="Execution Agents">
      </AgentRule>
    </Execution>
  </TestSettings>
  <Times creation="2014-03-04T16:05:32.5313544+02:00" queuing="2014-03-04T16:05:35.4615220+02:00" start="2014-03-04T16:05:35.5865291+02:00" finish="2014-03-04T16:05:36.5035816+02:00" />
  <ResultSummary outcome="Completed">
    <Counters total="4" executed="4" passed="4" error="0" failed="0" timeout="0" aborted="0" inconclusive="0" passedButRunAborted="0" notRunnable="0" notExecuted="0" disconnected="0" warning="0" completed="0" inProgress="0" pending="0" />
  </ResultSummary>
  <TestDefinitions>
    <UnitTest name="AddNonExistingValue" storage="d:\csharp-course\repo\1300ruc\lecture13\demos\binarytree\binarytreetests\bin\debug\binarytreetests.dll" id="1c07d429-31d6-7f5e-5e2b-f9064da3bf87">
      <Execution id="de53c90f-869f-4996-99a7-6617ba34310c" />
      <TestMethod codeBase="D:/CSharp-course/repo/1300ruc/Lecture13/demos/BinaryTree/BinaryTreeTests/bin/Debug/BinaryTreeTests.DLL" adapterTypeName="Microsoft.VisualStudio.TestTools.TestTypes.Unit.UnitTestAdapter, Microsoft.VisualStudio.QualityTools.Tips.UnitTest.Adapter, Version=10.0.0.0, Culture=neutral, PublicKeyToken=b03f5f7f11d50a3a" className="BinarySearchTreeTest.UnitTest1, BinaryTreeTests, Version=1.0.0.0, Culture=neutral, PublicKeyToken=null" name="AddNonExistingValue" />
    </UnitTest>
    <UnitTest name="AddExistingValue" storage="d:\csharp-course\repo\1300ruc\lecture13\demos\binarytree\binarytreetests\bin\debug\binarytreetests.dll" id="d7e2a12b-6073-4862-961a-2217b2d5af54">
      <Execution id="ad2ddadb-494c-41fe-802c-577faf88490e" />
      <TestMethod codeBase="D:/CSharp-course/repo/1300ruc/Lecture13/demos/BinaryTree/BinaryTreeTests/bin/Debug/BinaryTreeTests.DLL" adapterTypeName="Microsoft.VisualStudio.TestTools.TestTypes.Unit.UnitTestAdapter, Microsoft.VisualStudio.QualityTools.Tips.UnitTest.Adapter, Version=10.0.0.0, Culture=neutral, PublicKeyToken=b03f5f7f11d50a3a" className="BinarySearchTreeTest.UnitTest1, BinaryTreeTests, Version=1.0.0.0, Culture=neutral, PublicKeyToken=null" name="AddExistingValue" />
    </UnitTest>
    <UnitTest name="TraverseInorderTest" storage="d:\csharp-course\repo\1300ruc\lecture13\demos\binarytree\binarytreetests\bin\debug\binarytreetests.dll" id="b52f75e6-a628-3ac8-da48-8d4030f841fc">
      <Execution id="f27f662a-f58c-43c9-a19e-8b4164be70b1" />
      <TestMethod codeBase="D:/CSharp-course/repo/1300ruc/Lecture13/demos/BinaryTree/BinaryTreeTests/bin/Debug/BinaryTreeTests.DLL" adapterTypeName="Microsoft.VisualStudio.TestTools.TestTypes.Unit.UnitTestAdapter, Microsoft.VisualStudio.QualityTools.Tips.UnitTest.Adapter, Version=10.0.0.0, Culture=neutral, PublicKeyToken=b03f5f7f11d50a3a" className="BinarySearchTreeTest.UnitTest1, BinaryTreeTests, Version=1.0.0.0, Culture=neutral, PublicKeyToken=null" name="TraverseInorderTest" />
    </UnitTest>
    <UnitTest name="TraversePostorderTest" storage="d:\csharp-course\repo\1300ruc\lecture13\demos\binarytree\binarytreetests\bin\debug\binarytreetests.dll" id="d1ef193d-cc19-e2ac-2807-4fd36312a408">
      <Execution id="220536f4-fdfe-4366-bd26-1e284f1331ca" />
      <TestMethod codeBase="D:/CSharp-course/repo/1300ruc/Lecture13/demos/BinaryTree/BinaryTreeTests/bin/Debug/BinaryTreeTests.DLL" adapterTypeName="Microsoft.VisualStudio.TestTools.TestTypes.Unit.UnitTestAdapter, Microsoft.VisualStudio.QualityTools.Tips.UnitTest.Adapter, Version=10.0.0.0, Culture=neutral, PublicKeyToken=b03f5f7f11d50a3a" className="BinarySearchTreeTest.UnitTest1, BinaryTreeTests, Version=1.0.0.0, Culture=neutral, PublicKeyToken=null" name="TraversePostorderTest" />
    </UnitTest>
  </TestDefinitions>
  <TestLists>
    <TestList name="Results Not in a List" id="8c84fa94-04c1-424b-9868-57a2d4851a1d" />
    <TestList name="All Loaded Results" id="19431567-8539-422a-85d7-44ee4e166bda" />
  </TestLists>
  <TestEntries>
    <TestEntry testId="1c07d429-31d6-7f5e-5e2b-f9064da3bf87" executionId="de53c90f-869f-4996-99a7-6617ba34310c" testListId="8c84fa94-04c1-424b-9868-57a2d4851a1d" />
    <TestEntry testId="b52f75e6-a628-3ac8-da48-8d4030f841fc" executionId="f27f662a-f58c-43c9-a19e-8b4164be70b1" testListId="8c84fa94-04c1-424b-9868-57a2d4851a1d" />
    <TestEntry testId="d1ef193d-cc19-e2ac-2807-4fd36312a408" executionId="220536f4-fdfe-4366-bd26-1e284f1331ca" testListId="8c84fa94-04c1-424b-9868-57a2d4851a1d" />
    <TestEntry testId="d7e2a12b-6073-4862-961a-2217b2d5af54" executionId="ad2ddadb-494c-41fe-802c-577faf88490e" testListId="8c84fa94-04c1-424b-9868-57a2d4851a1d" />
  </TestEntries>
  <Results>
    <UnitTestResult executionId="de53c90f-869f-4996-99a7-6617ba34310c" testId="1c07d429-31d6-7f5e-5e2b-f9064da3bf87" testName="AddNonExistingValue" computerName="SLAVI-PC" duration="00:00:00.0432060" startTime="2014-03-04T16:05:35.6325317+02:00" endTime="2014-03-04T16:05:36.3755742+02:00" testType="13cdc9d9-ddb5-4fa4-a97d-d965ccfc6d4b" outcome="Passed" testListId="8c84fa94-04c1-424b-9868-57a2d4851a1d" relativeResultsDirectory="de53c90f-869f-4996-99a7-6617ba34310c">
    </UnitTestResult>
    <UnitTestResult executionId="f27f662a-f58c-43c9-a19e-8b4164be70b1" testId="b52f75e6-a628-3ac8-da48-8d4030f841fc" testName="TraverseInorderTest" computerName="SLAVI-PC" duration="00:00:00.0050800" startTime="2014-03-04T16:05:36.3855748+02:00" endTime="2014-03-04T16:05:36.4065760+02:00" testType="13cdc9d9-ddb5-4fa4-a97d-d965ccfc6d4b" outcome="Passed" testListId="8c84fa94-04c1-424b-9868-57a2d4851a1d" relativeResultsDirectory="f27f662a-f58c-43c9-a19e-8b4164be70b1">
    </UnitTestResult>
    <UnitTestResult executionId="220536f4-fdfe-4366-bd26-1e284f1331ca" testId="d1ef193d-cc19-e2ac-2807-4fd36312a408" testName="TraversePostorderTest" computerName="SLAVI-PC" duration="00:00:00.0008118" startTime="2014-03-04T16:05:36.4105762+02:00" endTime="2014-03-04T16:05:36.4175766+02:00" testType="13cdc9d9-ddb5-4fa4-a97d-d965ccfc6d4b" outcome="Passed" testListId="8c84fa94-04c1-424b-9868-57a2d4851a1d" relativeResultsDirectory="220536f4-fdfe-4366-bd26-1e284f1331ca">
    </UnitTestResult>
    <UnitTestResult executionId="ad2ddadb-494c-41fe-802c-577faf88490e" testId="d7e2a12b-6073-4862-961a-2217b2d5af54" testName="AddExistingValue" computerName="SLAVI-PC" duration="00:00:00.0043409" startTime="2014-03-04T16:05:36.4215769+02:00" endTime="2014-03-04T16:05:36.4335776+02:00" testType="13cdc9d9-ddb5-4fa4-a97d-d965ccfc6d4b" outcome="Passed" testListId="8c84fa94-04c1-424b-9868-57a2d4851a1d" relativeResultsDirectory="ad2ddadb-494c-41fe-802c-577faf88490e">
    </UnitTestResult>
  </Results>
</TestRun>